<?xml version="1.0" encoding="UTF-8"?>
<testng-results ignored="0" total="1" passed="0" failed="1" skipped="0">
  <reporter-output>
    <line>
      <![CDATA[sample listener]]>
    </line>
  </reporter-output>
  <suite started-at="2021-11-10T12:09:08 IST" name="Default suite" finished-at="2021-11-10T12:09:17 IST" duration-ms="8988">
    <groups>
    </groups>
    <test started-at="2021-11-10T12:09:08 IST" name="Default test" finished-at="2021-11-10T12:09:17 IST" duration-ms="8988">
      <class name="db_practice.sampleListenerTest">
        <test-method is-config="true" signature="beforesuite()[pri:0, instance:db_practice.sampleListenerTest@3c7f66c4]" started-at="2021-11-10T12:09:08 IST" name="beforesuite" finished-at="2021-11-10T12:09:08 IST" duration-ms="327" status="PASS">
          <reporter-output>
          </reporter-output>
        </test-method> <!-- beforesuite -->
        <test-method is-config="true" signature="beforeclass()[pri:0, instance:db_practice.sampleListenerTest@3c7f66c4]" started-at="2021-11-10T12:09:08 IST" name="beforeclass" finished-at="2021-11-10T12:09:12 IST" duration-ms="4013" status="PASS">
          <reporter-output>
          </reporter-output>
        </test-method> <!-- beforeclass -->
        <test-method is-config="true" signature="beforemethod()[pri:0, instance:db_practice.sampleListenerTest@3c7f66c4]" started-at="2021-11-10T12:09:12 IST" name="beforemethod" finished-at="2021-11-10T12:09:15 IST" duration-ms="2237" status="PASS">
          <reporter-output>
          </reporter-output>
        </test-method> <!-- beforemethod -->
        <test-method signature="sample()[pri:0, instance:db_practice.sampleListenerTest@3c7f66c4]" started-at="2021-11-10T12:09:15 IST" name="sample" finished-at="2021-11-10T12:09:15 IST" duration-ms="14" status="FAIL">
          <exception class="java.lang.AssertionError">
            <message>
              <![CDATA[null]]>
            </message>
            <full-stacktrace>
              <![CDATA[java.lang.AssertionError: null
at org.testng.Assert.fail(Assert.java:99)
at org.testng.Assert.fail(Assert.java:106)
at db_practice.sampleListenerTest.sample(sampleListenerTest.java:14)
at java.base/jdk.internal.reflect.NativeMethodAccessorImpl.invoke0(Native Method)
at java.base/jdk.internal.reflect.NativeMethodAccessorImpl.invoke(NativeMethodAccessorImpl.java:62)
at java.base/jdk.internal.reflect.DelegatingMethodAccessorImpl.invoke(DelegatingMethodAccessorImpl.java:43)
at java.base/java.lang.reflect.Method.invoke(Method.java:566)
at org.testng.internal.MethodInvocationHelper.invokeMethod(MethodInvocationHelper.java:133)
at org.testng.internal.TestInvoker.invokeMethod(TestInvoker.java:598)
at org.testng.internal.TestInvoker.invokeTestMethod(TestInvoker.java:173)
at org.testng.internal.MethodRunner.runInSequence(MethodRunner.java:46)
at org.testng.internal.TestInvoker$MethodInvocationAgent.invoke(TestInvoker.java:824)
at org.testng.internal.TestInvoker.invokeTestMethods(TestInvoker.java:146)
at org.testng.internal.TestMethodWorker.invokeTestMethods(TestMethodWorker.java:146)
at org.testng.internal.TestMethodWorker.run(TestMethodWorker.java:128)
at java.base/java.util.ArrayList.forEach(ArrayList.java:1541)
at org.testng.TestRunner.privateRun(TestRunner.java:794)
at org.testng.TestRunner.run(TestRunner.java:596)
at org.testng.SuiteRunner.runTest(SuiteRunner.java:377)
at org.testng.SuiteRunner.runSequentially(SuiteRunner.java:371)
at org.testng.SuiteRunner.privateRun(SuiteRunner.java:332)
at org.testng.SuiteRunner.run(SuiteRunner.java:276)
at org.testng.SuiteRunnerWorker.runSuite(SuiteRunnerWorker.java:53)
at org.testng.SuiteRunnerWorker.run(SuiteRunnerWorker.java:96)
at org.testng.TestNG.runSuitesSequentially(TestNG.java:1212)
at org.testng.TestNG.runSuitesLocally(TestNG.java:1134)
at org.testng.TestNG.runSuites(TestNG.java:1063)
at org.testng.TestNG.run(TestNG.java:1031)
at org.testng.remote.AbstractRemoteTestNG.run(AbstractRemoteTestNG.java:115)
at org.testng.remote.RemoteTestNG.initAndRun(RemoteTestNG.java:251)
at org.testng.remote.RemoteTestNG.main(RemoteTestNG.java:77)
]]>
            </full-stacktrace>
          </exception> <!-- java.lang.AssertionError -->
          <reporter-output>
            <line>
              <![CDATA[sample listener]]>
            </line>
          </reporter-output>
        </test-method> <!-- sample -->
        <test-method is-config="true" signature="aftermethod()[pri:0, instance:db_practice.sampleListenerTest@3c7f66c4]" started-at="2021-11-10T12:09:15 IST" name="aftermethod" finished-at="2021-11-10T12:09:17 IST" duration-ms="2300" status="PASS">
          <reporter-output>
          </reporter-output>
        </test-method> <!-- aftermethod -->
        <test-method is-config="true" signature="afterclass()[pri:0, instance:db_practice.sampleListenerTest@3c7f66c4]" started-at="2021-11-10T12:09:17 IST" name="afterclass" finished-at="2021-11-10T12:09:17 IST" duration-ms="112" status="PASS">
          <reporter-output>
          </reporter-output>
        </test-method> <!-- afterclass -->
        <test-method is-config="true" signature="afteresuite()[pri:0, instance:db_practice.sampleListenerTest@3c7f66c4]" started-at="2021-11-10T12:09:17 IST" name="afteresuite" finished-at="2021-11-10T12:09:17 IST" duration-ms="14" status="PASS">
          <reporter-output>
          </reporter-output>
        </test-method> <!-- afteresuite -->
      </class> <!-- db_practice.sampleListenerTest -->
    </test> <!-- Default test -->
  </suite> <!-- Default suite -->
</testng-results>
